[debug] [2021-07-23T06:45:52.033Z] ----------------------------------------------------------------------
[debug] [2021-07-23T06:45:52.034Z] Command:       /Users/joannasmerea/.nvm/versions/node/v16.5.0/bin/node /Users/joannasmerea/.nvm/versions/node/v16.5.0/bin/firebase init
[debug] [2021-07-23T06:45:52.035Z] CLI Version:   9.16.0
[debug] [2021-07-23T06:45:52.035Z] Platform:      darwin
[debug] [2021-07-23T06:45:52.035Z] Node Version:  v16.5.0
[debug] [2021-07-23T06:45:52.036Z] Time:          Fri Jul 23 2021 08:45:52 GMT+0200 (Central European Summer Time)
[debug] [2021-07-23T06:45:52.036Z] ----------------------------------------------------------------------
[debug] 
[debug] [2021-07-23T06:45:52.040Z] > command requires scopes: ["email","openid","https://www.googleapis.com/auth/cloudplatformprojects.readonly","https://www.googleapis.com/auth/firebase","https://www.googleapis.com/auth/cloud-platform"]
[debug] [2021-07-23T06:45:52.040Z] > authorizing via signed-in user (joanna.smerea@glovoapp.com)
[info] 
     ######## #### ########  ######## ########     ###     ######  ########
     ##        ##  ##     ## ##       ##     ##  ##   ##  ##       ##
     ######    ##  ########  ######   ########  #########  ######  ######
     ##        ##  ##    ##  ##       ##     ## ##     ##       ## ##
     ##       #### ##     ## ######## ########  ##     ##  ######  ########

You're about to initialize a Firebase project in this directory:

  /Users/joannasmerea/Desktop/Glovo_Trainings/Vue---The-Complete-Guide-incl.-Vue-Router-Vuex-and-Composition-API-/18 Deployment/deploy-02-async-components--GItHub

[info] 
=== Project Setup
[info] 
[info] First, let's associate this project directory with a Firebase project.
[info] You can create multiple project aliases by running firebase use --add, 
[info] but for now we'll just set up a default project.
[info] 
[debug] [2021-07-23T06:46:24.771Z] >>> [apiv2][query] GET https://firebase.googleapis.com/v1beta1/projects pageSize=100
[debug] [2021-07-23T06:46:25.145Z] <<< [apiv2][status] GET https://firebase.googleapis.com/v1beta1/projects 200
[debug] [2021-07-23T06:46:25.145Z] <<< [apiv2][body] GET https://firebase.googleapis.com/v1beta1/projects [omitted]
[info] i  Using project find-a-coach-vue-2a71e (find-a-coach-Vue) 
[info] 
=== Hosting Setup
[info] 
[info] Your public directory is the folder (relative to your project directory) that
[info] will contain Hosting assets to be uploaded with firebase deploy. If you
[info] have a build process for your assets, use your build's output directory.
[info] 
[debug] [2021-07-23T06:54:19.528Z] >>> [apiv2][query] GET https://www.gstatic.com/firebasejs/releases.json [none]
[debug] [2021-07-23T06:54:19.639Z] <<< [apiv2][status] GET https://www.gstatic.com/firebasejs/releases.json 200
[debug] [2021-07-23T06:54:19.639Z] <<< [apiv2][body] GET https://www.gstatic.com/firebasejs/releases.json {"current":{"version":"8.8.0","browserURL":"https://www.gstatic.com/firebasejs/8.8.0/firebase.js","packageURL":"https://www.gstatic.com/firebasejs/8.8.0/firebase.tgz"},"live":{"version":"8.8","browserURL":"https://www.gstatic.com/firebasejs/live/8.8/firebase.js","packageURL":"https://www.gstatic.com/firebasejs/live/8.8/firebase.tgz"},"components":{"analytics":"https://www.gstatic.com/firebasejs/8.8.0/firebase-analytics.js","app":"https://www.gstatic.com/firebasejs/8.8.0/firebase-app.js","app-check":"https://www.gstatic.com/firebasejs/8.8.0/firebase-app-check.js","auth":"https://www.gstatic.com/firebasejs/8.8.0/firebase-auth.js","database":"https://www.gstatic.com/firebasejs/8.8.0/firebase-database.js","firestore":"https://www.gstatic.com/firebasejs/8.8.0/firebase-firestore.js","functions":"https://www.gstatic.com/firebasejs/8.8.0/firebase-functions.js","installations":"https://www.gstatic.com/firebasejs/8.8.0/firebase-installations.js","messaging":"https://www.gstatic.com/firebasejs/8.8.0/firebase-messaging.js","storage":"https://www.gstatic.com/firebasejs/8.8.0/firebase-storage.js","performance":"https://www.gstatic.com/firebasejs/8.8.0/firebase-performance.js","remote-config":"https://www.gstatic.com/firebasejs/8.8.0/firebase-remote-config.js","firestore.memory":"https://www.gstatic.com/firebasejs/8.8.0/firebase-firestore.memory.js"}}
[info] i  Skipping write of dist/index.html 
[info] 
[info] i  Didn't detect a .git folder. Assuming /Users/joannasmerea/Desktop/Glovo_Trainings/Vue---The-Complete-Guide-incl.-Vue-Router-Vuex-and-Composition-API-/18 Deployment/deploy-02-async-components--GItHub is the project root. 
[info] i  Authorizing with GitHub to upload your service account to a GitHub repository's secrets store. 
[info] 
[info] Visit this URL on this device to log in:
[info] https://github.com/login/oauth/authorize?client_id=89cf50f02ac6aaed3484&state=31582317&redirect_uri=http%3A%2F%2Flocalhost%3A9005&scope=read%3Auser%20repo%20public_repo
[info] 
[info] Waiting for authentication...
[debug] [2021-07-23T06:54:41.716Z] >>> HTTP REQUEST POST https://github.com/login/oauth/access_token  
 {"client_id":"89cf50f02ac6aaed3484","client_secret":"3330d14abc895d9a74d5f17cd7a00711fa2c5bf0","code":"89b5508fa8bb7a3438e2","redirect_uri":"http://localhost:9005","state":"31582317"}
[debug] [2021-07-23T06:54:42.059Z] <<< HTTP RESPONSE 200 {"server":"GitHub.com","date":"Fri, 23 Jul 2021 06:54:42 GMT","content-type":"application/json; charset=utf-8","transfer-encoding":"chunked","vary":"X-PJAX, Accept-Encoding, Accept, X-Requested-With","permissions-policy":"interest-cohort=()","etag":"W/\"969e6c8a61f39d025ff8e4ceb0a4ad43\"","cache-control":"max-age=0, private, must-revalidate","strict-transport-security":"max-age=31536000; includeSubdomains; preload","x-frame-options":"deny","x-content-type-options":"nosniff","x-xss-protection":"0","referrer-policy":"origin-when-cross-origin, strict-origin-when-cross-origin","expect-ct":"max-age=2592000, report-uri=\"https://api.github.com/_private/browser/errors\"","content-security-policy":"default-src 'none'; base-uri 'self'; block-all-mixed-content; connect-src 'self' uploads.github.com www.githubstatus.com collector.githubapp.com api.github.com github-cloud.s3.amazonaws.com github-production-repository-file-5c1aeb.s3.amazonaws.com github-production-upload-manifest-file-7fdce7.s3.amazonaws.com github-production-user-asset-6210df.s3.amazonaws.com cdn.optimizely.com logx.optimizely.com/v1/events translator.github.com wss://alive.github.com; font-src github.githubassets.com; form-action 'self' github.com gist.github.com; frame-ancestors 'none'; frame-src render.githubusercontent.com render-temp.githubusercontent.com viewscreen.githubusercontent.com; img-src 'self' data: github.githubassets.com identicons.github.com collector.githubapp.com github-cloud.s3.amazonaws.com secured-user-images.githubusercontent.com/ *.githubusercontent.com; manifest-src 'self'; media-src 'none'; script-src github.githubassets.com; style-src 'unsafe-inline' github.githubassets.com; worker-src github.com/socket-worker-3f088aa2.js gist.github.com/socket-worker-3f088aa2.js","x-github-request-id":"D46C:5E34:3C0028A:3E0FFB5:60FA67B1"}
[debug] [2021-07-23T06:54:42.062Z] >>> [apiv2][query] GET https://api.github.com/user [none]
[debug] [2021-07-23T06:54:42.450Z] <<< [apiv2][status] GET https://api.github.com/user 200
[debug] [2021-07-23T06:54:42.451Z] <<< [apiv2][body] GET https://api.github.com/user {"login":"joannaWebDev","id":65491033,"node_id":"MDQ6VXNlcjY1NDkxMDMz","avatar_url":"https://avatars.githubusercontent.com/u/65491033?v=4","gravatar_id":"","url":"https://api.github.com/users/joannaWebDev","html_url":"https://github.com/joannaWebDev","followers_url":"https://api.github.com/users/joannaWebDev/followers","following_url":"https://api.github.com/users/joannaWebDev/following{/other_user}","gists_url":"https://api.github.com/users/joannaWebDev/gists{/gist_id}","starred_url":"https://api.github.com/users/joannaWebDev/starred{/owner}{/repo}","subscriptions_url":"https://api.github.com/users/joannaWebDev/subscriptions","organizations_url":"https://api.github.com/users/joannaWebDev/orgs","repos_url":"https://api.github.com/users/joannaWebDev/repos","events_url":"https://api.github.com/users/joannaWebDev/events{/privacy}","received_events_url":"https://api.github.com/users/joannaWebDev/received_events","type":"User","site_admin":false,"name":"Joanna","company":"https://codepen.io/JoannaWebDev","blog":"joannasmerea.com","location":"Barcelona","email":null,"hireable":null,"bio":"Software artisan with a passionate desire to craft elegant yet pragmatic solutions for every task.\r\n\r\n🎈 Professional Web Dev Cert\r\n🎈 Full Stack Bootcamp","twitter_username":null,"public_repos":48,"public_gists":0,"followers":7,"following":10,"created_at":"2020-05-17T11:02:53Z","updated_at":"2021-07-23T06:54:41Z","private_gists":0,"total_private_repos":5,"owned_private_repos":5,"disk_usage":246971,"collaborators":1,"two_factor_authentication":true,"plan":{"name":"free","space":976562499,"collaborators":0,"private_repos":10000}}
[info] 
[info] ✔  Success! Logged into GitHub as joannaWebDev 
[info] 
